0 info it worked if it ends with ok
1 verbose cli [ 'C:\\Program Files\\nodejs\\node.exe',
1 verbose cli   'C:\\Users\\Marcius\\AppData\\Roaming\\npm\\node_modules\\npm\\bin\\npm-cli.js',
1 verbose cli   'publish' ]
2 info using npm@3.3.10
3 info using node@v4.2.1
4 verbose publish [ '.' ]
5 silly cache add args [ '.', null ]
6 verbose cache add spec .
7 silly cache add parsed spec Result {
7 silly cache add   raw: '.',
7 silly cache add   scope: null,
7 silly cache add   name: null,
7 silly cache add   rawSpec: '.',
7 silly cache add   spec: 'D:\\GoogleDrive\\my_sources\\gulp-directory-images-optimizer',
7 silly cache add   type: 'directory' }
8 verbose addLocalDirectory C:\Users\Marcius\AppData\Roaming\npm-cache\gulp-directory-images-optimizer\1.0.0\package.tgz not in flight; packing
9 info lifecycle gulp-directory-images-optimizer@1.0.0~prepublish: gulp-directory-images-optimizer@1.0.0
10 silly lifecycle gulp-directory-images-optimizer@1.0.0~prepublish: no script for prepublish, continuing
11 verbose tar pack [ 'C:\\Users\\Marcius\\AppData\\Roaming\\npm-cache\\gulp-directory-images-optimizer\\1.0.0\\package.tgz',
11 verbose tar pack   'D:\\GoogleDrive\\my_sources\\gulp-directory-images-optimizer' ]
12 verbose tarball C:\Users\Marcius\AppData\Roaming\npm-cache\gulp-directory-images-optimizer\1.0.0\package.tgz
13 verbose folder D:\GoogleDrive\my_sources\gulp-directory-images-optimizer
14 verbose addLocalTarball adding from inside cache C:\Users\Marcius\AppData\Roaming\npm-cache\gulp-directory-images-optimizer\1.0.0\package.tgz
15 silly cache afterAdd gulp-directory-images-optimizer@1.0.0
16 verbose afterAdd C:\Users\Marcius\AppData\Roaming\npm-cache\gulp-directory-images-optimizer\1.0.0\package\package.json not in flight; writing
17 verbose afterAdd C:\Users\Marcius\AppData\Roaming\npm-cache\gulp-directory-images-optimizer\1.0.0\package\package.json written
18 silly publish { description: 'Gulp file setup to optimize all images under root folder',
18 silly publish   name: 'gulp-directory-images-optimizer',
18 silly publish   version: '1.0.0',
18 silly publish   main: 'gulpfile.js',
18 silly publish   author: { name: 'markiyan_pyts' },
18 silly publish   license: 'ISC',
18 silly publish   dependencies:
18 silly publish    { gulp: '^3.9.0',
18 silly publish      'gulp-imagemin': '^3.0.1',
18 silly publish      'imagemin-jpegoptim': '^5.0.0',
18 silly publish      'imagemin-pngquant': '^5.0.0' },
18 silly publish   scripts: { optimize: 'gulp' },
18 silly publish   repository:
18 silly publish    { type: 'git',
18 silly publish      url: 'git+ssh://git@github.com/DarthMarcius/gulp-directory-images-optimizer.git' },
18 silly publish   homepage: 'https://github.com/DarthMarcius/gulp-directory-images-optimizer',
18 silly publish   readme: '# gulp-directory-images-optimizer\r\n##Description\r\nThis is configured gulp file and npm packages set which will optimize the size of all images under the directory to which it\'s extracted to.\r\n##Installation\r\n1) Install [node.js](https://nodejs.org/en)\r\n2) Run `npm install gulp-directory-images-optimizer` under the directory under which you want to optimize images.\r\n3) Run `npm run optimize` or just `gulp` under the same directory.\r\n\r\nStep 3 Will optimize images in the root of directory and under each subdirectory.\r\n\r\nThis gulp app is powered by https://www.npmjs.com/package/gulp-imagemin and it\'s plugins.\r\n\r\n##Supported image formats\r\nPNG, JPEG, GIF and SVG\r\n',
18 silly publish   readmeFilename: 'README.md',
18 silly publish   gitHead: '070a19a16be2a965a6ec74d68c172c6f62d9331a',
18 silly publish   bugs: { url: 'https://github.com/DarthMarcius/gulp-directory-images-optimizer/issues' },
18 silly publish   _id: 'gulp-directory-images-optimizer@1.0.0',
18 silly publish   _shasum: 'c0b9c6cdeb273700de62978e57cbab02f0eb0fba',
18 silly publish   _from: '.' }
19 verbose getPublishConfig undefined
20 silly mapToRegistry name gulp-directory-images-optimizer
21 silly mapToRegistry using default registry
22 silly mapToRegistry registry https://registry.npmjs.org/
23 silly mapToRegistry uri https://registry.npmjs.org/gulp-directory-images-optimizer
24 verbose publish registryBase https://registry.npmjs.org/
25 silly publish uploading C:\Users\Marcius\AppData\Roaming\npm-cache\gulp-directory-images-optimizer\1.0.0\package.tgz
26 verbose request uri https://registry.npmjs.org/gulp-directory-images-optimizer
27 verbose request sending authorization for write operation
28 info attempt registry request try #1 at 1:00:17 AM
29 verbose request using bearer token for auth
30 verbose request id 617f2169eff79253
31 http request PUT https://registry.npmjs.org/gulp-directory-images-optimizer
32 http 403 https://registry.npmjs.org/gulp-directory-images-optimizer
33 verbose headers { 'content-type': 'application/json',
33 verbose headers   'cache-control': 'max-age=300',
33 verbose headers   'content-length': '95',
33 verbose headers   'accept-ranges': 'bytes',
33 verbose headers   date: 'Wed, 01 Jun 2016 22:00:20 GMT',
33 verbose headers   via: '1.1 varnish',
33 verbose headers   connection: 'keep-alive',
33 verbose headers   'x-served-by': 'cache-fra1231-FRA',
33 verbose headers   'x-cache': 'MISS',
33 verbose headers   'x-cache-hits': '0',
33 verbose headers   'x-timer': 'S1464818419.329075,VS0,VE1106',
33 verbose headers   vary: 'Accept-Encoding' }
34 verbose request invalidating C:\Users\Marcius\AppData\Roaming\npm-cache\registry.npmjs.org\gulp-directory-images-optimizer on PUT
35 error publish Failed PUT 403
36 verbose stack Error: "You cannot publish over the previously published version 1.0.0." : gulp-directory-images-optimizer
36 verbose stack     at makeError (C:\Users\Marcius\AppData\Roaming\npm\node_modules\npm\node_modules\npm-registry-client\lib\request.js:264:12)
36 verbose stack     at CachingRegistryClient.<anonymous> (C:\Users\Marcius\AppData\Roaming\npm\node_modules\npm\node_modules\npm-registry-client\lib\request.js:252:14)
36 verbose stack     at Request._callback (C:\Users\Marcius\AppData\Roaming\npm\node_modules\npm\node_modules\npm-registry-client\lib\request.js:172:14)
36 verbose stack     at Request.self.callback (C:\Users\Marcius\AppData\Roaming\npm\node_modules\npm\node_modules\request\request.js:198:22)
36 verbose stack     at emitTwo (events.js:87:13)
36 verbose stack     at Request.emit (events.js:172:7)
36 verbose stack     at Request.<anonymous> (C:\Users\Marcius\AppData\Roaming\npm\node_modules\npm\node_modules\request\request.js:1082:10)
36 verbose stack     at emitOne (events.js:82:20)
36 verbose stack     at Request.emit (events.js:169:7)
36 verbose stack     at IncomingMessage.<anonymous> (C:\Users\Marcius\AppData\Roaming\npm\node_modules\npm\node_modules\request\request.js:1009:12)
37 verbose statusCode 403
38 verbose pkgid gulp-directory-images-optimizer
39 verbose cwd D:\GoogleDrive\my_sources\gulp-directory-images-optimizer
40 error Windows_NT 10.0.10586
41 error argv "C:\\Program Files\\nodejs\\node.exe" "C:\\Users\\Marcius\\AppData\\Roaming\\npm\\node_modules\\npm\\bin\\npm-cli.js" "publish"
42 error node v4.2.1
43 error npm  v3.3.10
44 error code E403
45 error "You cannot publish over the previously published version 1.0.0." : gulp-directory-images-optimizer
46 error If you need help, you may report this error at:
46 error     <https://github.com/npm/npm/issues>
47 verbose exit [ 1, true ]
